sp-pages-assembly_en-us_b3e212fb9829abf6e61bee5444214b19.js:226 
Warning!
Use of this tool exposes you to potential security threats which can result in others gaining access to your personal Office 365 data (documents, emails, conversations and more). Make sure you trust the person or organization that asked you to access this tool before proceeding.

Learn more here: https://technet.microsoft.com/en-us/library/bb794823.aspx


[Report Only] Refused to load the script '<URL>' because it violates the following Content Security Policy directive: "script-src 'unsafe-eval' <URL> <URL> <URL> <URL> <URL> <URL> <URL> <URL> <URL> <URL> <URL> <URL> <URL> <URL> <URL> <URL> <URL> <URL> <URL> <URL> <URL> <URL> <URL> *.cdn.office.net *.fluidpreview.office.net *.onecdn.static.microsoft <URL> <URL> <URL> *.bing.com c64.assets-yammer.com *.virtualearth.net *.ditu.live.com appsforoffice.microsoft.com platform.twitter.com <URL> <URL> <URL> <URL> <URL> <URL> <URL>  <URL> 'self' alcdn.msauth.net <URL> <URL> <URL> <URL> 'nonce-jt0u2tvivbc'". Note that 'script-src-elem' was not explicitly set, so 'script-src' is used as a fallback.

[Report Only] Refused to load the script '<URL>' because it violates the following Content Security Policy directive: "script-src 'unsafe-eval' <URL> <URL> <URL> <URL> <URL> <URL> <URL> <URL> <URL> <URL> <URL> <URL> <URL> <URL> <URL> <URL> <URL> <URL> <URL> <URL> <URL> <URL> <URL> *.cdn.office.net *.fluidpreview.office.net *.onecdn.static.microsoft <URL> <URL> <URL> *.bing.com c64.assets-yammer.com *.virtualearth.net *.ditu.live.com appsforoffice.microsoft.com platform.twitter.com <URL> <URL> <URL> <URL> <URL> <URL> <URL>  <URL> 'self' alcdn.msauth.net <URL> <URL> <URL> <URL> 'nonce-jt0u2tvivbc'". Note that 'script-src-elem' was not explicitly set, so 'script-src' is used as a fallback.

[Report Only] Refused to load the script '<URL>' because it violates the following Content Security Policy directive: "script-src 'unsafe-eval' <URL> <URL> <URL> <URL> <URL> <URL> <URL> <URL> <URL> <URL> <URL> <URL> <URL> <URL> <URL> <URL> <URL> <URL> <URL> <URL> <URL> <URL> <URL> *.cdn.office.net *.fluidpreview.office.net *.onecdn.static.microsoft <URL> <URL> <URL> *.bing.com c64.assets-yammer.com *.virtualearth.net *.ditu.live.com appsforoffice.microsoft.com platform.twitter.com <URL> <URL> <URL> <URL> <URL> <URL> <URL>  <URL> 'self' alcdn.msauth.net <URL> <URL> <URL> <URL> 'nonce-jt0u2tvivbc'". Note that 'script-src-elem' was not explicitly set, so 'script-src' is used as a fallback.

[Report Only] Refused to load the script '<URL>' because it violates the following Content Security Policy directive: "script-src 'unsafe-eval' <URL> <URL> <URL> <URL> <URL> <URL> <URL> <URL> <URL> <URL> <URL> <URL> <URL> <URL> <URL> <URL> <URL> <URL> <URL> <URL> <URL> <URL> <URL> *.cdn.office.net *.fluidpreview.office.net *.onecdn.static.microsoft <URL> <URL> <URL> *.bing.com c64.assets-yammer.com *.virtualearth.net *.ditu.live.com appsforoffice.microsoft.com platform.twitter.com <URL> <URL> <URL> <URL> <URL> <URL> <URL>  <URL> 'self' alcdn.msauth.net <URL> <URL> <URL> <URL> 'nonce-jt0u2tvivbc'". Note that 'script-src-elem' was not explicitly set, so 'script-src' is used as a fallback.

[Report Only] Refused to load the script '<URL>' because it violates the following Content Security Policy directive: "script-src 'unsafe-eval' <URL> <URL> <URL> <URL> <URL> <URL> <URL> <URL> <URL> <URL> <URL> <URL> <URL> <URL> <URL> <URL> <URL> <URL> <URL> <URL> <URL> <URL> <URL> *.cdn.office.net *.fluidpreview.office.net *.onecdn.static.microsoft <URL> <URL> <URL> *.bing.com c64.assets-yammer.com *.virtualearth.net *.ditu.live.com appsforoffice.microsoft.com platform.twitter.com <URL> <URL> <URL> <URL> <URL> <URL> <URL>  <URL> 'self' alcdn.msauth.net <URL> <URL> <URL> <URL> 'nonce-jt0u2tvivbc'". Note that 'script-src-elem' was not explicitly set, so 'script-src' is used as a fallback.

[Report Only] Refused to load the script '<URL>' because it violates the following Content Security Policy directive: "script-src 'unsafe-eval' <URL> <URL> <URL> <URL> <URL> <URL> <URL> <URL> <URL> <URL> <URL> <URL> <URL> <URL> <URL> <URL> <URL> <URL> <URL> <URL> <URL> <URL> <URL> *.cdn.office.net *.fluidpreview.office.net *.onecdn.static.microsoft <URL> <URL> <URL> *.bing.com c64.assets-yammer.com *.virtualearth.net *.ditu.live.com appsforoffice.microsoft.com platform.twitter.com <URL> <URL> <URL> <URL> <URL> <URL> <URL>  <URL> 'self' alcdn.msauth.net <URL> <URL> <URL> <URL> 'nonce-jt0u2tvivbc'". Note that 'script-src-elem' was not explicitly set, so 'script-src' is used as a fallback.

[Report Only] Refused to load the script '<URL>' because it violates the following Content Security Policy directive: "script-src 'unsafe-eval' <URL> <URL> <URL> <URL> <URL> <URL> <URL> <URL> <URL> <URL> <URL> <URL> <URL> <URL> <URL> <URL> <URL> <URL> <URL> <URL> <URL> <URL> <URL> *.cdn.office.net *.fluidpreview.office.net *.onecdn.static.microsoft <URL> <URL> <URL> *.bing.com c64.assets-yammer.com *.virtualearth.net *.ditu.live.com appsforoffice.microsoft.com platform.twitter.com <URL> <URL> <URL> <URL> <URL> <URL> <URL>  <URL> 'self' alcdn.msauth.net <URL> <URL> <URL> <URL> 'nonce-jt0u2tvivbc'". Note that 'script-src-elem' was not explicitly set, so 'script-src' is used as a fallback.

sp-pages-assembly_en-us_b3e212fb9829abf6e61bee5444214b19.js:98 Session ID: 943bd2a1-a0a8-a000-5056-490e11f3ec23
sp-pages-assembly_en-us_b3e212fb9829abf6e61bee5444214b19.js:98 Time in UTC:  Thu, 23 Oct 2025 14:50:09 GMT
chunk.9872_none_dab18d907bd4559b5826.js:1 Bootstrapper versionOverride :  ecsVersion : 1.20251015.4.0 preferredVersion : 1.20250921.1.0 cachedVersion : 1.20251015.4.0
chunk.9872_none_dab18d907bd4559b5826.js:1 Downloading bootstrapper version 1.20251015.4.0.
search-page-bootstrapper-standby.js:1 Setting webpack public path to: https://res.cdn.office.net/midgard/versionless/
chunk.9872_none_dab18d907bd4559b5826.js:1 Caching bootstrapper version 1.20251015.4.0.
prefetch_c76612ee.js:1  invalid contentSourceFilter config
p @ prefetch_c76612ee.js:1
(anonymous) @ prefetch_c76612ee.js:1
Promise.then
x @ prefetch_c76612ee.js:1
(anonymous) @ chunk.7017_none_e6f1ba62519de1e2736b.js:14
Promise.then
(anonymous) @ chunk.7017_none_e6f1ba62519de1e2736b.js:14
(anonymous) @ chunk.7017_none_e6f1ba62519de1e2736b.js:14
Promise.then
(anonymous) @ chunk.7017_none_e6f1ba62519de1e2736b.js:14
(anonymous) @ sp-pages-assembly_en-us_b3e212fb9829abf6e61bee5444214b19.js:60
u @ chunk.sp-pages-search-sisp_none_15896a5e520b51b03de7.js:3
C @ chunk.sp-pages-search-sisp_none_15896a5e520b51b03de7.js:1
await in C
(anonymous) @ sp-pages-assembly_en-us_b3e212fb9829abf6e61bee5444214b19.js:623
Promise.then
(anonymous) @ sp-pages-assembly_en-us_b3e212fb9829abf6e61bee5444214b19.js:623
(anonymous) @ sp-pages-assembly_en-us_b3e212fb9829abf6e61bee5444214b19.js:623
Promise.then
(anonymous) @ sp-pages-assembly_en-us_b3e212fb9829abf6e61bee5444214b19.js:623
Promise.then
initialize @ sp-pages-assembly_en-us_b3e212fb9829abf6e61bee5444214b19.js:623
v @ sp-pages-assembly_en-us_b3e212fb9829abf6e61bee5444214b19.js:625
N.searchBoxConfigurationCallback @ sp-pages-assembly_en-us_b3e212fb9829abf6e61bee5444214b19.js:531
updateSearchBoxConfiguration @ chunk.sp-suite-nav-searchBoxProvider_none_e176d90d3ed070d75928.js:1
(anonymous) @ sp-pages-assembly_en-us_b3e212fb9829abf6e61bee5444214b19.js:264
Promise.then
(anonymous) @ sp-pages-assembly_en-us_b3e212fb9829abf6e61bee5444214b19.js:264
Promise.then
_completeSuiteNavNewFlow @ sp-pages-assembly_en-us_b3e212fb9829abf6e61bee5444214b19.js:264
loadSuiteNav @ sp-pages-assembly_en-us_b3e212fb9829abf6e61bee5444214b19.js:264
startDeferredComponents @ sp-pages-assembly_en-us_b3e212fb9829abf6e61bee5444214b19.js:533
componentDidMount @ chunk.5179_en-us_974210db037c0a46c0f8.js:1
ms @ sp-pages-assembly_en-us_b3e212fb9829abf6e61bee5444214b19.js:102
Lc @ sp-pages-assembly_en-us_b3e212fb9829abf6e61bee5444214b19.js:102
t.unstable_runWithPriority @ sp-pages-assembly_en-us_b3e212fb9829abf6e61bee5444214b19.js:100
Ki @ sp-pages-assembly_en-us_b3e212fb9829abf6e61bee5444214b19.js:102
Ac @ sp-pages-assembly_en-us_b3e212fb9829abf6e61bee5444214b19.js:102
hc @ sp-pages-assembly_en-us_b3e212fb9829abf6e61bee5444214b19.js:102
(anonymous) @ sp-pages-assembly_en-us_b3e212fb9829abf6e61bee5444214b19.js:102
t.unstable_runWithPriority @ sp-pages-assembly_en-us_b3e212fb9829abf6e61bee5444214b19.js:100
Ki @ sp-pages-assembly_en-us_b3e212fb9829abf6e61bee5444214b19.js:102
Qi @ sp-pages-assembly_en-us_b3e212fb9829abf6e61bee5444214b19.js:102
qi @ sp-pages-assembly_en-us_b3e212fb9829abf6e61bee5444214b19.js:102
uc @ sp-pages-assembly_en-us_b3e212fb9829abf6e61bee5444214b19.js:102
enqueueSetState @ sp-pages-assembly_en-us_b3e212fb9829abf6e61bee5444214b19.js:102
h.setState @ sp-pages-assembly_en-us_b3e212fb9829abf6e61bee5444214b19.js:10
(anonymous) @ sp-pages-assembly_en-us_b3e212fb9829abf6e61bee5444214b19.js:467
Promise.then
getLoadOperations @ sp-pages-assembly_en-us_b3e212fb9829abf6e61bee5444214b19.js:467
onLoad @ sp-pages-assembly_en-us_b3e212fb9829abf6e61bee5444214b19.js:467
initialize @ sp-pages-assembly_en-us_b3e212fb9829abf6e61bee5444214b19.js:467
initialize @ sp-pages-assembly_en-us_b3e212fb9829abf6e61bee5444214b19.js:536
componentDidMount @ sp-pages-assembly_en-us_b3e212fb9829abf6e61bee5444214b19.js:536
componentDidMount @ sp-pages-assembly_en-us_b3e212fb9829abf6e61bee5444214b19.js:537
ms @ sp-pages-assembly_en-us_b3e212fb9829abf6e61bee5444214b19.js:102
Lc @ sp-pages-assembly_en-us_b3e212fb9829abf6e61bee5444214b19.js:102
t.unstable_runWithPriority @ sp-pages-assembly_en-us_b3e212fb9829abf6e61bee5444214b19.js:100
Ki @ sp-pages-assembly_en-us_b3e212fb9829abf6e61bee5444214b19.js:102
Ac @ sp-pages-assembly_en-us_b3e212fb9829abf6e61bee5444214b19.js:102
hc @ sp-pages-assembly_en-us_b3e212fb9829abf6e61bee5444214b19.js:102
uc @ sp-pages-assembly_en-us_b3e212fb9829abf6e61bee5444214b19.js:102
Xc @ sp-pages-assembly_en-us_b3e212fb9829abf6e61bee5444214b19.js:102
(anonymous) @ sp-pages-assembly_en-us_b3e212fb9829abf6e61bee5444214b19.js:102
gc @ sp-pages-assembly_en-us_b3e212fb9829abf6e61bee5444214b19.js:102
ad @ sp-pages-assembly_en-us_b3e212fb9829abf6e61bee5444214b19.js:102
t.render @ sp-pages-assembly_en-us_b3e212fb9829abf6e61bee5444214b19.js:102
onRender @ sp-pages-assembly_en-us_b3e212fb9829abf6e61bee5444214b19.js:467
_renderCoreRouter @ sp-pages-assembly_en-us_b3e212fb9829abf6e61bee5444214b19.js:635
onRender @ sp-pages-assembly_en-us_b3e212fb9829abf6e61bee5444214b19.js:635
n._onRender @ sp-pages-assembly_en-us_b3e212fb9829abf6e61bee5444214b19.js:409
n._render @ sp-pages-assembly_en-us_b3e212fb9829abf6e61bee5444214b19.js:409
(anonymous) @ sp-pages-assembly_en-us_b3e212fb9829abf6e61bee5444214b19.js:409
Promise.then
e._initializeApplication @ sp-pages-assembly_en-us_b3e212fb9829abf6e61bee5444214b19.js:409
e._initializeApplicationWithTelemetry @ sp-pages-assembly_en-us_b3e212fb9829abf6e61bee5444214b19.js:409
e.startApplication @ sp-pages-assembly_en-us_b3e212fb9829abf6e61bee5444214b19.js:409
e.navigate @ sp-pages-assembly_en-us_b3e212fb9829abf6e61bee5444214b19.js:409
t.navigateToApplication @ sp-pages-assembly_en-us_b3e212fb9829abf6e61bee5444214b19.js:409
c @ sp-pages-assembly_en-us_b3e212fb9829abf6e61bee5444214b19.js:233
(anonymous) @ sp-pages-assembly_en-us_b3e212fb9829abf6e61bee5444214b19.js:233
s @ sp-pages-assembly_en-us_b3e212fb9829abf6e61bee5444214b19.js:233
e._startApplication @ sp-pages-assembly_en-us_b3e212fb9829abf6e61bee5444214b19.js:226
e._startApplication @ sp-pages-assembly_en-us_b3e212fb9829abf6e61bee5444214b19.js:224
(anonymous) @ sp-pages-assembly_en-us_b3e212fb9829abf6e61bee5444214b19.js:226
Promise.then
e.start @ sp-pages-assembly_en-us_b3e212fb9829abf6e61bee5444214b19.js:226
(anonymous) @ Test-CAO.aspx?caseDebug=on:177
Promise.then
(anonymous) @ Test-CAO.aspx?caseDebug=on:153
(anonymous) @ Test-CAO.aspx?caseDebug=on:177
sp-pages-assembly_en-us_b3e212fb9829abf6e61bee5444214b19.js:226   GET https://static2.sharepointonline.com/files/fabric/office-ui-fabric-js/1.2.0/css/fabric.min.css%20Jump net::ERR_ABORTED 404 (Not Found)
e.loadCss @ sp-pages-assembly_en-us_b3e212fb9829abf6e61bee5444214b19.js:226
e.loadCss @ sp-pages-assembly_en-us_b3e212fb9829abf6e61bee5444214b19.js:224
NavigationAppExtensionApplicationCustomizer @ navigation-app-extension-application-customizer_addc7f8b6766ceede820403e90b4d982.js:1
(anonymous) @ sp-pages-assembly_en-us_b3e212fb9829abf6e61bee5444214b19.js:332
Promise.then
e.createExtension @ sp-pages-assembly_en-us_b3e212fb9829abf6e61bee5444214b19.js:332
e._createApplicationCustomizer @ sp-pages-assembly_en-us_b3e212fb9829abf6e61bee5444214b19.js:409
e._loadExtensions @ sp-pages-assembly_en-us_b3e212fb9829abf6e61bee5444214b19.js:409
e.loadExtensions @ sp-pages-assembly_en-us_b3e212fb9829abf6e61bee5444214b19.js:409
e._loadApplicationCustomizersAsync @ sp-pages-assembly_en-us_b3e212fb9829abf6e61bee5444214b19.js:409
(anonymous) @ sp-pages-assembly_en-us_b3e212fb9829abf6e61bee5444214b19.js:409
Promise.then
e.navigate @ sp-pages-assembly_en-us_b3e212fb9829abf6e61bee5444214b19.js:409
t.navigateToApplication @ sp-pages-assembly_en-us_b3e212fb9829abf6e61bee5444214b19.js:409
c @ sp-pages-assembly_en-us_b3e212fb9829abf6e61bee5444214b19.js:233
(anonymous) @ sp-pages-assembly_en-us_b3e212fb9829abf6e61bee5444214b19.js:233
s @ sp-pages-assembly_en-us_b3e212fb9829abf6e61bee5444214b19.js:233
e._startApplication @ sp-pages-assembly_en-us_b3e212fb9829abf6e61bee5444214b19.js:226
e._startApplication @ sp-pages-assembly_en-us_b3e212fb9829abf6e61bee5444214b19.js:224
(anonymous) @ sp-pages-assembly_en-us_b3e212fb9829abf6e61bee5444214b19.js:226
Promise.then
e.start @ sp-pages-assembly_en-us_b3e212fb9829abf6e61bee5444214b19.js:226
(anonymous) @ Test-CAO.aspx?caseDebug=on:177
Promise.then
(anonymous) @ Test-CAO.aspx?caseDebug=on:153
(anonymous) @ Test-CAO.aspx?caseDebug=on:177
sp-pages-assembly_en-us_b3e212fb9829abf6e61bee5444214b19.js:226   GET https://static2.sharepointonline.com/files/fabric/office-ui-fabric-js/1.2.0/css/fabric.components.min.css%20Jump net::ERR_ABORTED 404 (Not Found)
e.loadCss @ sp-pages-assembly_en-us_b3e212fb9829abf6e61bee5444214b19.js:226
e.loadCss @ sp-pages-assembly_en-us_b3e212fb9829abf6e61bee5444214b19.js:224
NavigationAppExtensionApplicationCustomizer @ navigation-app-extension-application-customizer_addc7f8b6766ceede820403e90b4d982.js:1
(anonymous) @ sp-pages-assembly_en-us_b3e212fb9829abf6e61bee5444214b19.js:332
Promise.then
e.createExtension @ sp-pages-assembly_en-us_b3e212fb9829abf6e61bee5444214b19.js:332
e._createApplicationCustomizer @ sp-pages-assembly_en-us_b3e212fb9829abf6e61bee5444214b19.js:409
e._loadExtensions @ sp-pages-assembly_en-us_b3e212fb9829abf6e61bee5444214b19.js:409
e.loadExtensions @ sp-pages-assembly_en-us_b3e212fb9829abf6e61bee5444214b19.js:409
e._loadApplicationCustomizersAsync @ sp-pages-assembly_en-us_b3e212fb9829abf6e61bee5444214b19.js:409
(anonymous) @ sp-pages-assembly_en-us_b3e212fb9829abf6e61bee5444214b19.js:409
Promise.then
e.navigate @ sp-pages-assembly_en-us_b3e212fb9829abf6e61bee5444214b19.js:409
t.navigateToApplication @ sp-pages-assembly_en-us_b3e212fb9829abf6e61bee5444214b19.js:409
c @ sp-pages-assembly_en-us_b3e212fb9829abf6e61bee5444214b19.js:233
(anonymous) @ sp-pages-assembly_en-us_b3e212fb9829abf6e61bee5444214b19.js:233
s @ sp-pages-assembly_en-us_b3e212fb9829abf6e61bee5444214b19.js:233
e._startApplication @ sp-pages-assembly_en-us_b3e212fb9829abf6e61bee5444214b19.js:226
e._startApplication @ sp-pages-assembly_en-us_b3e212fb9829abf6e61bee5444214b19.js:224
(anonymous) @ sp-pages-assembly_en-us_b3e212fb9829abf6e61bee5444214b19.js:226
Promise.then
e.start @ sp-pages-assembly_en-us_b3e212fb9829abf6e61bee5444214b19.js:226
(anonymous) @ Test-CAO.aspx?caseDebug=on:177
Promise.then
(anonymous) @ Test-CAO.aspx?caseDebug=on:153
(anonymous) @ Test-CAO.aspx?caseDebug=on:177
navigation-app-extension-application-customizer_addc7f8b6766ceede820403e90b4d982.js:1 Department: DTS contractor department: DTS
sp-pages-assembly_en-us_b3e212fb9829abf6e61bee5444214b19.js:304  Uncaught (in promise) undefined
(anonymous) @ sp-pages-assembly_en-us_b3e212fb9829abf6e61bee5444214b19.js:304
(anonymous) @ sp-pages-assembly_en-us_b3e212fb9829abf6e61bee5444214b19.js:173
setInterval
e.setInterval @ sp-pages-assembly_en-us_b3e212fb9829abf6e61bee5444214b19.js:173
(anonymous) @ sp-pages-assembly_en-us_b3e212fb9829abf6e61bee5444214b19.js:304
b @ sp-pages-assembly_en-us_b3e212fb9829abf6e61bee5444214b19.js:304
v @ sp-pages-assembly_en-us_b3e212fb9829abf6e61bee5444214b19.js:304
onBeforePageLoad @ sp-pages-assembly_en-us_b3e212fb9829abf6e61bee5444214b19.js:635
onLoad @ sp-pages-assembly_en-us_b3e212fb9829abf6e61bee5444214b19.js:467
onLoad @ sp-pages-assembly_en-us_b3e212fb9829abf6e61bee5444214b19.js:635
n._load @ sp-pages-assembly_en-us_b3e212fb9829abf6e61bee5444214b19.js:409
e._initializeApplication @ sp-pages-assembly_en-us_b3e212fb9829abf6e61bee5444214b19.js:409
e._initializeApplicationWithTelemetry @ sp-pages-assembly_en-us_b3e212fb9829abf6e61bee5444214b19.js:409
e.startApplication @ sp-pages-assembly_en-us_b3e212fb9829abf6e61bee5444214b19.js:409
e.navigate @ sp-pages-assembly_en-us_b3e212fb9829abf6e61bee5444214b19.js:409
t.navigateToApplication @ sp-pages-assembly_en-us_b3e212fb9829abf6e61bee5444214b19.js:409
c @ sp-pages-assembly_en-us_b3e212fb9829abf6e61bee5444214b19.js:233
(anonymous) @ sp-pages-assembly_en-us_b3e212fb9829abf6e61bee5444214b19.js:233
s @ sp-pages-assembly_en-us_b3e212fb9829abf6e61bee5444214b19.js:233
e._startApplication @ sp-pages-assembly_en-us_b3e212fb9829abf6e61bee5444214b19.js:226
e._startApplication @ sp-pages-assembly_en-us_b3e212fb9829abf6e61bee5444214b19.js:224
(anonymous) @ sp-pages-assembly_en-us_b3e212fb9829abf6e61bee5444214b19.js:226
Promise.then
e.start @ sp-pages-assembly_en-us_b3e212fb9829abf6e61bee5444214b19.js:226
(anonymous) @ Test-CAO.aspx?caseDebug=on:177
Promise.then
(anonymous) @ Test-CAO.aspx?caseDebug=on:153
(anonymous) @ Test-CAO.aspx?caseDebug=on:177
sp-pages-assembly_en-us_b3e212fb9829abf6e61bee5444214b19.js:304  Uncaught (in promise) undefined
(anonymous) @ sp-pages-assembly_en-us_b3e212fb9829abf6e61bee5444214b19.js:304
(anonymous) @ sp-pages-assembly_en-us_b3e212fb9829abf6e61bee5444214b19.js:173
setInterval
e.setInterval @ sp-pages-assembly_en-us_b3e212fb9829abf6e61bee5444214b19.js:173
(anonymous) @ sp-pages-assembly_en-us_b3e212fb9829abf6e61bee5444214b19.js:304
b @ sp-pages-assembly_en-us_b3e212fb9829abf6e61bee5444214b19.js:304
v @ sp-pages-assembly_en-us_b3e212fb9829abf6e61bee5444214b19.js:304
(anonymous) @ sp-pages-assembly_en-us_b3e212fb9829abf6e61bee5444214b19.js:23
e.consume @ sp-pages-assembly_en-us_b3e212fb9829abf6e61bee5444214b19.js:23
e.consume @ sp-pages-assembly_en-us_b3e212fb9829abf6e61bee5444214b19.js:23
e.consume @ sp-pages-assembly_en-us_b3e212fb9829abf6e61bee5444214b19.js:23
_initializeMySiteCacheManager @ sp-pages-assembly_en-us_b3e212fb9829abf6e61bee5444214b19.js:409
await in _initializeMySiteCacheManager
_getVersionFromMySiteCache @ sp-pages-assembly_en-us_b3e212fb9829abf6e61bee5444214b19.js:409
shouldShowTeachingBubble @ sp-pages-assembly_en-us_b3e212fb9829abf6e61bee5444214b19.js:409
ge @ sp-pages-assembly_en-us_b3e212fb9829abf6e61bee5444214b19.js:409
gr @ sp-pages-assembly_en-us_b3e212fb9829abf6e61bee5444214b19.js:102
Go @ sp-pages-assembly_en-us_b3e212fb9829abf6e61bee5444214b19.js:102
Ks @ sp-pages-assembly_en-us_b3e212fb9829abf6e61bee5444214b19.js:102
wc @ sp-pages-assembly_en-us_b3e212fb9829abf6e61bee5444214b19.js:102
Cc @ sp-pages-assembly_en-us_b3e212fb9829abf6e61bee5444214b19.js:102
xc @ sp-pages-assembly_en-us_b3e212fb9829abf6e61bee5444214b19.js:102
hc @ sp-pages-assembly_en-us_b3e212fb9829abf6e61bee5444214b19.js:102
uc @ sp-pages-assembly_en-us_b3e212fb9829abf6e61bee5444214b19.js:102
Xc @ sp-pages-assembly_en-us_b3e212fb9829abf6e61bee5444214b19.js:102
(anonymous) @ sp-pages-assembly_en-us_b3e212fb9829abf6e61bee5444214b19.js:102
gc @ sp-pages-assembly_en-us_b3e212fb9829abf6e61bee5444214b19.js:102
ad @ sp-pages-assembly_en-us_b3e212fb9829abf6e61bee5444214b19.js:102
t.render @ sp-pages-assembly_en-us_b3e212fb9829abf6e61bee5444214b19.js:102
onRender @ sp-pages-assembly_en-us_b3e212fb9829abf6e61bee5444214b19.js:467
_renderCoreRouter @ sp-pages-assembly_en-us_b3e212fb9829abf6e61bee5444214b19.js:635
onRender @ sp-pages-assembly_en-us_b3e212fb9829abf6e61bee5444214b19.js:635
n._onRender @ sp-pages-assembly_en-us_b3e212fb9829abf6e61bee5444214b19.js:409
n._render @ sp-pages-assembly_en-us_b3e212fb9829abf6e61bee5444214b19.js:409
(anonymous) @ sp-pages-assembly_en-us_b3e212fb9829abf6e61bee5444214b19.js:409
Promise.then
e._initializeApplication @ sp-pages-assembly_en-us_b3e212fb9829abf6e61bee5444214b19.js:409
e._initializeApplicationWithTelemetry @ sp-pages-assembly_en-us_b3e212fb9829abf6e61bee5444214b19.js:409
e.startApplication @ sp-pages-assembly_en-us_b3e212fb9829abf6e61bee5444214b19.js:409
e.navigate @ sp-pages-assembly_en-us_b3e212fb9829abf6e61bee5444214b19.js:409
t.navigateToApplication @ sp-pages-assembly_en-us_b3e212fb9829abf6e61bee5444214b19.js:409
c @ sp-pages-assembly_en-us_b3e212fb9829abf6e61bee5444214b19.js:233
(anonymous) @ sp-pages-assembly_en-us_b3e212fb9829abf6e61bee5444214b19.js:233
s @ sp-pages-assembly_en-us_b3e212fb9829abf6e61bee5444214b19.js:233
e._startApplication @ sp-pages-assembly_en-us_b3e212fb9829abf6e61bee5444214b19.js:226
e._startApplication @ sp-pages-assembly_en-us_b3e212fb9829abf6e61bee5444214b19.js:224
(anonymous) @ sp-pages-assembly_en-us_b3e212fb9829abf6e61bee5444214b19.js:226
Promise.then
e.start @ sp-pages-assembly_en-us_b3e212fb9829abf6e61bee5444214b19.js:226
(anonymous) @ Test-CAO.aspx?caseDebug=on:177
Promise.then
(anonymous) @ Test-CAO.aspx?caseDebug=on:153
(anonymous) @ Test-CAO.aspx?caseDebug=on:177
navigation-app-extension-application-customizer_addc7f8b6766ceede820403e90b4d982.js:1 Success
navigation-app-extension-application-customizer_addc7f8b6766ceede820403e90b4d982.js:1 Success
sp-pages-assembly_en-us_b3e212fb9829abf6e61bee5444214b19.js:102  Error: Minified React error #31; visit https://reactjs.org/docs/error-decoder.html?invariant=31&args[]=object%20with%20keys%20%7BLabel%2C%20TermGuid%2C%20WssId%7D for the full message or use the non-minified dev environment for full errors and additional helpful warnings.
    at Ir (sp-pages-assembly_en-us_b3e212fb9829abf6e61bee5444214b19.js:102:51172)
    at sp-pages-assembly_en-us_b3e212fb9829abf6e61bee5444214b19.js:102:55989
    at Ho (sp-pages-assembly_en-us_b3e212fb9829abf6e61bee5444214b19.js:102:66951)
    at Ks (sp-pages-assembly_en-us_b3e212fb9829abf6e61bee5444214b19.js:102:112744)
    at wc (sp-pages-assembly_en-us_b3e212fb9829abf6e61bee5444214b19.js:102:98220)
    at Cc (sp-pages-assembly_en-us_b3e212fb9829abf6e61bee5444214b19.js:102:98148)
    at xc (sp-pages-assembly_en-us_b3e212fb9829abf6e61bee5444214b19.js:102:98011)
    at hc (sp-pages-assembly_en-us_b3e212fb9829abf6e61bee5444214b19.js:102:94998)
    at sp-pages-assembly_en-us_b3e212fb9829abf6e61bee5444214b19.js:102:44854
    at t.unstable_runWithPriority (sp-pages-assembly_en-us_b3e212fb9829abf6e61bee5444214b19.js:100:3775)
ss @ sp-pages-assembly_en-us_b3e212fb9829abf6e61bee5444214b19.js:102
n.callback @ sp-pages-assembly_en-us_b3e212fb9829abf6e61bee5444214b19.js:102
pr @ sp-pages-assembly_en-us_b3e212fb9829abf6e61bee5444214b19.js:102
ms @ sp-pages-assembly_en-us_b3e212fb9829abf6e61bee5444214b19.js:102
Lc @ sp-pages-assembly_en-us_b3e212fb9829abf6e61bee5444214b19.js:102
t.unstable_runWithPriority @ sp-pages-assembly_en-us_b3e212fb9829abf6e61bee5444214b19.js:100
Ki @ sp-pages-assembly_en-us_b3e212fb9829abf6e61bee5444214b19.js:102
Ac @ sp-pages-assembly_en-us_b3e212fb9829abf6e61bee5444214b19.js:102
hc @ sp-pages-assembly_en-us_b3e212fb9829abf6e61bee5444214b19.js:102
(anonymous) @ sp-pages-assembly_en-us_b3e212fb9829abf6e61bee5444214b19.js:102
t.unstable_runWithPriority @ sp-pages-assembly_en-us_b3e212fb9829abf6e61bee5444214b19.js:100
Ki @ sp-pages-assembly_en-us_b3e212fb9829abf6e61bee5444214b19.js:102
Qi @ sp-pages-assembly_en-us_b3e212fb9829abf6e61bee5444214b19.js:102
qi @ sp-pages-assembly_en-us_b3e212fb9829abf6e61bee5444214b19.js:102
uc @ sp-pages-assembly_en-us_b3e212fb9829abf6e61bee5444214b19.js:102
Lo @ sp-pages-assembly_en-us_b3e212fb9829abf6e61bee5444214b19.js:102
(anonymous) @ case-macro-view-web-part_8b5141d1239a8745aa66.js:2
await in (anonymous)
(anonymous) @ case-macro-view-web-part_8b5141d1239a8745aa66.js:2
Uc @ sp-pages-assembly_en-us_b3e212fb9829abf6e61bee5444214b19.js:102
t.unstable_runWithPriority @ sp-pages-assembly_en-us_b3e212fb9829abf6e61bee5444214b19.js:100
Ki @ sp-pages-assembly_en-us_b3e212fb9829abf6e61bee5444214b19.js:102
Mc @ sp-pages-assembly_en-us_b3e212fb9829abf6e61bee5444214b19.js:102
hc @ sp-pages-assembly_en-us_b3e212fb9829abf6e61bee5444214b19.js:102
(anonymous) @ sp-pages-assembly_en-us_b3e212fb9829abf6e61bee5444214b19.js:102
t.unstable_runWithPriority @ sp-pages-assembly_en-us_b3e212fb9829abf6e61bee5444214b19.js:100
Ki @ sp-pages-assembly_en-us_b3e212fb9829abf6e61bee5444214b19.js:102
Qi @ sp-pages-assembly_en-us_b3e212fb9829abf6e61bee5444214b19.js:102
qi @ sp-pages-assembly_en-us_b3e212fb9829abf6e61bee5444214b19.js:102
Pe @ sp-pages-assembly_en-us_b3e212fb9829abf6e61bee5444214b19.js:102
Yt @ sp-pages-assembly_en-us_b3e212fb9829abf6e61bee5444214b19.js:102
sp-pages-assembly_en-us_b3e212fb9829abf6e61bee5444214b19.js:102  Error: Minified React error #31; visit https://reactjs.org/docs/error-decoder.html?invariant=31&args[]=object%20with%20keys%20%7BLabel%2C%20TermGuid%2C%20WssId%7D for the full message or use the non-minified dev environment for full errors and additional helpful warnings.
    at Ir (sp-pages-assembly_en-us_b3e212fb9829abf6e61bee5444214b19.js:102:51172)
    at sp-pages-assembly_en-us_b3e212fb9829abf6e61bee5444214b19.js:102:55989
    at Ho (sp-pages-assembly_en-us_b3e212fb9829abf6e61bee5444214b19.js:102:66951)
    at Ks (sp-pages-assembly_en-us_b3e212fb9829abf6e61bee5444214b19.js:102:112744)
    at wc (sp-pages-assembly_en-us_b3e212fb9829abf6e61bee5444214b19.js:102:98220)
    at Cc (sp-pages-assembly_en-us_b3e212fb9829abf6e61bee5444214b19.js:102:98148)
    at xc (sp-pages-assembly_en-us_b3e212fb9829abf6e61bee5444214b19.js:102:98011)
    at hc (sp-pages-assembly_en-us_b3e212fb9829abf6e61bee5444214b19.js:102:94998)
    at sp-pages-assembly_en-us_b3e212fb9829abf6e61bee5444214b19.js:102:44854
    at t.unstable_runWithPriority (sp-pages-assembly_en-us_b3e212fb9829abf6e61bee5444214b19.js:100:3775)
ss @ sp-pages-assembly_en-us_b3e212fb9829abf6e61bee5444214b19.js:102
n.callback @ sp-pages-assembly_en-us_b3e212fb9829abf6e61bee5444214b19.js:102
pr @ sp-pages-assembly_en-us_b3e212fb9829abf6e61bee5444214b19.js:102
ms @ sp-pages-assembly_en-us_b3e212fb9829abf6e61bee5444214b19.js:102
Lc @ sp-pages-assembly_en-us_b3e212fb9829abf6e61bee5444214b19.js:102
t.unstable_runWithPriority @ sp-pages-assembly_en-us_b3e212fb9829abf6e61bee5444214b19.js:100
Ki @ sp-pages-assembly_en-us_b3e212fb9829abf6e61bee5444214b19.js:102
Ac @ sp-pages-assembly_en-us_b3e212fb9829abf6e61bee5444214b19.js:102
hc @ sp-pages-assembly_en-us_b3e212fb9829abf6e61bee5444214b19.js:102
(anonymous) @ sp-pages-assembly_en-us_b3e212fb9829abf6e61bee5444214b19.js:102
t.unstable_runWithPriority @ sp-pages-assembly_en-us_b3e212fb9829abf6e61bee5444214b19.js:100
Ki @ sp-pages-assembly_en-us_b3e212fb9829abf6e61bee5444214b19.js:102
Qi @ sp-pages-assembly_en-us_b3e212fb9829abf6e61bee5444214b19.js:102
qi @ sp-pages-assembly_en-us_b3e212fb9829abf6e61bee5444214b19.js:102
uc @ sp-pages-assembly_en-us_b3e212fb9829abf6e61bee5444214b19.js:102
Lo @ sp-pages-assembly_en-us_b3e212fb9829abf6e61bee5444214b19.js:102
(anonymous) @ case-macro-view-web-part_8b5141d1239a8745aa66.js:2
await in (anonymous)
(anonymous) @ case-macro-view-web-part_8b5141d1239a8745aa66.js:2
Uc @ sp-pages-assembly_en-us_b3e212fb9829abf6e61bee5444214b19.js:102
t.unstable_runWithPriority @ sp-pages-assembly_en-us_b3e212fb9829abf6e61bee5444214b19.js:100
Ki @ sp-pages-assembly_en-us_b3e212fb9829abf6e61bee5444214b19.js:102
Mc @ sp-pages-assembly_en-us_b3e212fb9829abf6e61bee5444214b19.js:102
hc @ sp-pages-assembly_en-us_b3e212fb9829abf6e61bee5444214b19.js:102
(anonymous) @ sp-pages-assembly_en-us_b3e212fb9829abf6e61bee5444214b19.js:102
t.unstable_runWithPriority @ sp-pages-assembly_en-us_b3e212fb9829abf6e61bee5444214b19.js:100
Ki @ sp-pages-assembly_en-us_b3e212fb9829abf6e61bee5444214b19.js:102
Qi @ sp-pages-assembly_en-us_b3e212fb9829abf6e61bee5444214b19.js:102
qi @ sp-pages-assembly_en-us_b3e212fb9829abf6e61bee5444214b19.js:102
Pe @ sp-pages-assembly_en-us_b3e212fb9829abf6e61bee5444214b19.js:102
Yt @ sp-pages-assembly_en-us_b3e212fb9829abf6e61bee5444214b19.js:102
sp-pages-assembly_en-us_b3e212fb9829abf6e61bee5444214b19.js:102  Error: Minified React error #31; visit https://reactjs.org/docs/error-decoder.html?invariant=31&args[]=object%20with%20keys%20%7BLabel%2C%20TermGuid%2C%20WssId%7D for the full message or use the non-minified dev environment for full errors and additional helpful warnings.
    at Ir (sp-pages-assembly_en-us_b3e212fb9829abf6e61bee5444214b19.js:102:51172)
    at sp-pages-assembly_en-us_b3e212fb9829abf6e61bee5444214b19.js:102:55989
    at Ho (sp-pages-assembly_en-us_b3e212fb9829abf6e61bee5444214b19.js:102:66951)
    at Ks (sp-pages-assembly_en-us_b3e212fb9829abf6e61bee5444214b19.js:102:112744)
    at wc (sp-pages-assembly_en-us_b3e212fb9829abf6e61bee5444214b19.js:102:98220)
    at Cc (sp-pages-assembly_en-us_b3e212fb9829abf6e61bee5444214b19.js:102:98148)
    at xc (sp-pages-assembly_en-us_b3e212fb9829abf6e61bee5444214b19.js:102:98011)
    at hc (sp-pages-assembly_en-us_b3e212fb9829abf6e61bee5444214b19.js:102:94998)
    at sp-pages-assembly_en-us_b3e212fb9829abf6e61bee5444214b19.js:102:44854
    at t.unstable_runWithPriority (sp-pages-assembly_en-us_b3e212fb9829abf6e61bee5444214b19.js:100:3775)
ss @ sp-pages-assembly_en-us_b3e212fb9829abf6e61bee5444214b19.js:102
n.callback @ sp-pages-assembly_en-us_b3e212fb9829abf6e61bee5444214b19.js:102
pr @ sp-pages-assembly_en-us_b3e212fb9829abf6e61bee5444214b19.js:102
ms @ sp-pages-assembly_en-us_b3e212fb9829abf6e61bee5444214b19.js:102
Lc @ sp-pages-assembly_en-us_b3e212fb9829abf6e61bee5444214b19.js:102
t.unstable_runWithPriority @ sp-pages-assembly_en-us_b3e212fb9829abf6e61bee5444214b19.js:100
Ki @ sp-pages-assembly_en-us_b3e212fb9829abf6e61bee5444214b19.js:102
Ac @ sp-pages-assembly_en-us_b3e212fb9829abf6e61bee5444214b19.js:102
hc @ sp-pages-assembly_en-us_b3e212fb9829abf6e61bee5444214b19.js:102
(anonymous) @ sp-pages-assembly_en-us_b3e212fb9829abf6e61bee5444214b19.js:102
t.unstable_runWithPriority @ sp-pages-assembly_en-us_b3e212fb9829abf6e61bee5444214b19.js:100
Ki @ sp-pages-assembly_en-us_b3e212fb9829abf6e61bee5444214b19.js:102
Qi @ sp-pages-assembly_en-us_b3e212fb9829abf6e61bee5444214b19.js:102
qi @ sp-pages-assembly_en-us_b3e212fb9829abf6e61bee5444214b19.js:102
uc @ sp-pages-assembly_en-us_b3e212fb9829abf6e61bee5444214b19.js:102
Lo @ sp-pages-assembly_en-us_b3e212fb9829abf6e61bee5444214b19.js:102
(anonymous) @ case-macro-view-web-part_8b5141d1239a8745aa66.js:2
await in (anonymous)
(anonymous) @ case-macro-view-web-part_8b5141d1239a8745aa66.js:2
Uc @ sp-pages-assembly_en-us_b3e212fb9829abf6e61bee5444214b19.js:102
t.unstable_runWithPriority @ sp-pages-assembly_en-us_b3e212fb9829abf6e61bee5444214b19.js:100
Ki @ sp-pages-assembly_en-us_b3e212fb9829abf6e61bee5444214b19.js:102
Mc @ sp-pages-assembly_en-us_b3e212fb9829abf6e61bee5444214b19.js:102
hc @ sp-pages-assembly_en-us_b3e212fb9829abf6e61bee5444214b19.js:102
(anonymous) @ sp-pages-assembly_en-us_b3e212fb9829abf6e61bee5444214b19.js:102
t.unstable_runWithPriority @ sp-pages-assembly_en-us_b3e212fb9829abf6e61bee5444214b19.js:100
Ki @ sp-pages-assembly_en-us_b3e212fb9829abf6e61bee5444214b19.js:102
Qi @ sp-pages-assembly_en-us_b3e212fb9829abf6e61bee5444214b19.js:102
qi @ sp-pages-assembly_en-us_b3e212fb9829abf6e61bee5444214b19.js:102
Pe @ sp-pages-assembly_en-us_b3e212fb9829abf6e61bee5444214b19.js:102
Yt @ sp-pages-assembly_en-us_b3e212fb9829abf6e61bee5444214b19.js:102
sp-pages-assembly_en-us_b3e212fb9829abf6e61bee5444214b19.js:102  Error: Minified React error #31; visit https://reactjs.org/docs/error-decoder.html?invariant=31&args[]=object%20with%20keys%20%7BLabel%2C%20TermGuid%2C%20WssId%7D for the full message or use the non-minified dev environment for full errors and additional helpful warnings.
    at Ir (sp-pages-assembly_en-us_b3e212fb9829abf6e61bee5444214b19.js:102:51172)
    at sp-pages-assembly_en-us_b3e212fb9829abf6e61bee5444214b19.js:102:55989
    at Ho (sp-pages-assembly_en-us_b3e212fb9829abf6e61bee5444214b19.js:102:66951)
    at Ks (sp-pages-assembly_en-us_b3e212fb9829abf6e61bee5444214b19.js:102:112744)
    at wc (sp-pages-assembly_en-us_b3e212fb9829abf6e61bee5444214b19.js:102:98220)
    at Cc (sp-pages-assembly_en-us_b3e212fb9829abf6e61bee5444214b19.js:102:98148)
    at xc (sp-pages-assembly_en-us_b3e212fb9829abf6e61bee5444214b19.js:102:98011)
    at hc (sp-pages-assembly_en-us_b3e212fb9829abf6e61bee5444214b19.js:102:94998)
    at sp-pages-assembly_en-us_b3e212fb9829abf6e61bee5444214b19.js:102:44854
    at t.unstable_runWithPriority (sp-pages-assembly_en-us_b3e212fb9829abf6e61bee5444214b19.js:100:3775)
ss @ sp-pages-assembly_en-us_b3e212fb9829abf6e61bee5444214b19.js:102
n.callback @ sp-pages-assembly_en-us_b3e212fb9829abf6e61bee5444214b19.js:102
pr @ sp-pages-assembly_en-us_b3e212fb9829abf6e61bee5444214b19.js:102
ms @ sp-pages-assembly_en-us_b3e212fb9829abf6e61bee5444214b19.js:102
Lc @ sp-pages-assembly_en-us_b3e212fb9829abf6e61bee5444214b19.js:102
t.unstable_runWithPriority @ sp-pages-assembly_en-us_b3e212fb9829abf6e61bee5444214b19.js:100
Ki @ sp-pages-assembly_en-us_b3e212fb9829abf6e61bee5444214b19.js:102
Ac @ sp-pages-assembly_en-us_b3e212fb9829abf6e61bee5444214b19.js:102
hc @ sp-pages-assembly_en-us_b3e212fb9829abf6e61bee5444214b19.js:102
(anonymous) @ sp-pages-assembly_en-us_b3e212fb9829abf6e61bee5444214b19.js:102
t.unstable_runWithPriority @ sp-pages-assembly_en-us_b3e212fb9829abf6e61bee5444214b19.js:100
Ki @ sp-pages-assembly_en-us_b3e212fb9829abf6e61bee5444214b19.js:102
Qi @ sp-pages-assembly_en-us_b3e212fb9829abf6e61bee5444214b19.js:102
qi @ sp-pages-assembly_en-us_b3e212fb9829abf6e61bee5444214b19.js:102
uc @ sp-pages-assembly_en-us_b3e212fb9829abf6e61bee5444214b19.js:102
Lo @ sp-pages-assembly_en-us_b3e212fb9829abf6e61bee5444214b19.js:102
(anonymous) @ case-macro-view-web-part_8b5141d1239a8745aa66.js:2
await in (anonymous)
(anonymous) @ case-macro-view-web-part_8b5141d1239a8745aa66.js:2
Uc @ sp-pages-assembly_en-us_b3e212fb9829abf6e61bee5444214b19.js:102
t.unstable_runWithPriority @ sp-pages-assembly_en-us_b3e212fb9829abf6e61bee5444214b19.js:100
Ki @ sp-pages-assembly_en-us_b3e212fb9829abf6e61bee5444214b19.js:102
Mc @ sp-pages-assembly_en-us_b3e212fb9829abf6e61bee5444214b19.js:102
hc @ sp-pages-assembly_en-us_b3e212fb9829abf6e61bee5444214b19.js:102
(anonymous) @ sp-pages-assembly_en-us_b3e212fb9829abf6e61bee5444214b19.js:102
t.unstable_runWithPriority @ sp-pages-assembly_en-us_b3e212fb9829abf6e61bee5444214b19.js:100
Ki @ sp-pages-assembly_en-us_b3e212fb9829abf6e61bee5444214b19.js:102
Qi @ sp-pages-assembly_en-us_b3e212fb9829abf6e61bee5444214b19.js:102
qi @ sp-pages-assembly_en-us_b3e212fb9829abf6e61bee5444214b19.js:102
Pe @ sp-pages-assembly_en-us_b3e212fb9829abf6e61bee5444214b19.js:102
Yt @ sp-pages-assembly_en-us_b3e212fb9829abf6e61bee5444214b19.js:102
sp-pages-assembly_en-us_b3e212fb9829abf6e61bee5444214b19.js:102  Error: Minified React error #31; visit https://reactjs.org/docs/error-decoder.html?invariant=31&args[]=object%20with%20keys%20%7BLabel%2C%20TermGuid%2C%20WssId%7D for the full message or use the non-minified dev environment for full errors and additional helpful warnings.
    at Ir (sp-pages-assembly_en-us_b3e212fb9829abf6e61bee5444214b19.js:102:51172)
    at sp-pages-assembly_en-us_b3e212fb9829abf6e61bee5444214b19.js:102:55989
    at Ho (sp-pages-assembly_en-us_b3e212fb9829abf6e61bee5444214b19.js:102:66951)
    at Ks (sp-pages-assembly_en-us_b3e212fb9829abf6e61bee5444214b19.js:102:112744)
    at wc (sp-pages-assembly_en-us_b3e212fb9829abf6e61bee5444214b19.js:102:98220)
    at Cc (sp-pages-assembly_en-us_b3e212fb9829abf6e61bee5444214b19.js:102:98148)
    at xc (sp-pages-assembly_en-us_b3e212fb9829abf6e61bee5444214b19.js:102:98011)
    at hc (sp-pages-assembly_en-us_b3e212fb9829abf6e61bee5444214b19.js:102:94998)
    at sp-pages-assembly_en-us_b3e212fb9829abf6e61bee5444214b19.js:102:44854
    at t.unstable_runWithPriority (sp-pages-assembly_en-us_b3e212fb9829abf6e61bee5444214b19.js:100:3775)
ss @ sp-pages-assembly_en-us_b3e212fb9829abf6e61bee5444214b19.js:102
n.callback @ sp-pages-assembly_en-us_b3e212fb9829abf6e61bee5444214b19.js:102
pr @ sp-pages-assembly_en-us_b3e212fb9829abf6e61bee5444214b19.js:102
ms @ sp-pages-assembly_en-us_b3e212fb9829abf6e61bee5444214b19.js:102
Lc @ sp-pages-assembly_en-us_b3e212fb9829abf6e61bee5444214b19.js:102
t.unstable_runWithPriority @ sp-pages-assembly_en-us_b3e212fb9829abf6e61bee5444214b19.js:100
Ki @ sp-pages-assembly_en-us_b3e212fb9829abf6e61bee5444214b19.js:102
Ac @ sp-pages-assembly_en-us_b3e212fb9829abf6e61bee5444214b19.js:102
hc @ sp-pages-assembly_en-us_b3e212fb9829abf6e61bee5444214b19.js:102
(anonymous) @ sp-pages-assembly_en-us_b3e212fb9829abf6e61bee5444214b19.js:102
t.unstable_runWithPriority @ sp-pages-assembly_en-us_b3e212fb9829abf6e61bee5444214b19.js:100
Ki @ sp-pages-assembly_en-us_b3e212fb9829abf6e61bee5444214b19.js:102
Qi @ sp-pages-assembly_en-us_b3e212fb9829abf6e61bee5444214b19.js:102
qi @ sp-pages-assembly_en-us_b3e212fb9829abf6e61bee5444214b19.js:102
uc @ sp-pages-assembly_en-us_b3e212fb9829abf6e61bee5444214b19.js:102
Lo @ sp-pages-assembly_en-us_b3e212fb9829abf6e61bee5444214b19.js:102
(anonymous) @ case-macro-view-web-part_8b5141d1239a8745aa66.js:2
await in (anonymous)
(anonymous) @ case-macro-view-web-part_8b5141d1239a8745aa66.js:2
Uc @ sp-pages-assembly_en-us_b3e212fb9829abf6e61bee5444214b19.js:102
t.unstable_runWithPriority @ sp-pages-assembly_en-us_b3e212fb9829abf6e61bee5444214b19.js:100
Ki @ sp-pages-assembly_en-us_b3e212fb9829abf6e61bee5444214b19.js:102
Mc @ sp-pages-assembly_en-us_b3e212fb9829abf6e61bee5444214b19.js:102
hc @ sp-pages-assembly_en-us_b3e212fb9829abf6e61bee5444214b19.js:102
(anonymous) @ sp-pages-assembly_en-us_b3e212fb9829abf6e61bee5444214b19.js:102
t.unstable_runWithPriority @ sp-pages-assembly_en-us_b3e212fb9829abf6e61bee5444214b19.js:100
Ki @ sp-pages-assembly_en-us_b3e212fb9829abf6e61bee5444214b19.js:102
Qi @ sp-pages-assembly_en-us_b3e212fb9829abf6e61bee5444214b19.js:102
qi @ sp-pages-assembly_en-us_b3e212fb9829abf6e61bee5444214b19.js:102
Pe @ sp-pages-assembly_en-us_b3e212fb9829abf6e61bee5444214b19.js:102
Yt @ sp-pages-assembly_en-us_b3e212fb9829abf6e61bee5444214b19.js:102
sp-pages-assembly_en-us_b3e212fb9829abf6e61bee5444214b19.js:102  Error: Minified React error #31; visit https://reactjs.org/docs/error-decoder.html?invariant=31&args[]=object%20with%20keys%20%7BLabel%2C%20TermGuid%2C%20WssId%7D for the full message or use the non-minified dev environment for full errors and additional helpful warnings.
    at Ir (sp-pages-assembly_en-us_b3e212fb9829abf6e61bee5444214b19.js:102:51172)
    at sp-pages-assembly_en-us_b3e212fb9829abf6e61bee5444214b19.js:102:55989
    at Ho (sp-pages-assembly_en-us_b3e212fb9829abf6e61bee5444214b19.js:102:66951)
    at Ks (sp-pages-assembly_en-us_b3e212fb9829abf6e61bee5444214b19.js:102:112744)
    at wc (sp-pages-assembly_en-us_b3e212fb9829abf6e61bee5444214b19.js:102:98220)
    at Cc (sp-pages-assembly_en-us_b3e212fb9829abf6e61bee5444214b19.js:102:98148)
    at xc (sp-pages-assembly_en-us_b3e212fb9829abf6e61bee5444214b19.js:102:98011)
    at hc (sp-pages-assembly_en-us_b3e212fb9829abf6e61bee5444214b19.js:102:94998)
    at sp-pages-assembly_en-us_b3e212fb9829abf6e61bee5444214b19.js:102:44854
    at t.unstable_runWithPriority (sp-pages-assembly_en-us_b3e212fb9829abf6e61bee5444214b19.js:100:3775)
ss @ sp-pages-assembly_en-us_b3e212fb9829abf6e61bee5444214b19.js:102
n.callback @ sp-pages-assembly_en-us_b3e212fb9829abf6e61bee5444214b19.js:102
pr @ sp-pages-assembly_en-us_b3e212fb9829abf6e61bee5444214b19.js:102
ms @ sp-pages-assembly_en-us_b3e212fb9829abf6e61bee5444214b19.js:102
Lc @ sp-pages-assembly_en-us_b3e212fb9829abf6e61bee5444214b19.js:102
t.unstable_runWithPriority @ sp-pages-assembly_en-us_b3e212fb9829abf6e61bee5444214b19.js:100
Ki @ sp-pages-assembly_en-us_b3e212fb9829abf6e61bee5444214b19.js:102
Ac @ sp-pages-assembly_en-us_b3e212fb9829abf6e61bee5444214b19.js:102
hc @ sp-pages-assembly_en-us_b3e212fb9829abf6e61bee5444214b19.js:102
(anonymous) @ sp-pages-assembly_en-us_b3e212fb9829abf6e61bee5444214b19.js:102
t.unstable_runWithPriority @ sp-pages-assembly_en-us_b3e212fb9829abf6e61bee5444214b19.js:100
Ki @ sp-pages-assembly_en-us_b3e212fb9829abf6e61bee5444214b19.js:102
Qi @ sp-pages-assembly_en-us_b3e212fb9829abf6e61bee5444214b19.js:102
qi @ sp-pages-assembly_en-us_b3e212fb9829abf6e61bee5444214b19.js:102
uc @ sp-pages-assembly_en-us_b3e212fb9829abf6e61bee5444214b19.js:102
Lo @ sp-pages-assembly_en-us_b3e212fb9829abf6e61bee5444214b19.js:102
(anonymous) @ case-macro-view-web-part_8b5141d1239a8745aa66.js:2
await in (anonymous)
(anonymous) @ case-macro-view-web-part_8b5141d1239a8745aa66.js:2
Uc @ sp-pages-assembly_en-us_b3e212fb9829abf6e61bee5444214b19.js:102
t.unstable_runWithPriority @ sp-pages-assembly_en-us_b3e212fb9829abf6e61bee5444214b19.js:100
Ki @ sp-pages-assembly_en-us_b3e212fb9829abf6e61bee5444214b19.js:102
Mc @ sp-pages-assembly_en-us_b3e212fb9829abf6e61bee5444214b19.js:102
hc @ sp-pages-assembly_en-us_b3e212fb9829abf6e61bee5444214b19.js:102
(anonymous) @ sp-pages-assembly_en-us_b3e212fb9829abf6e61bee5444214b19.js:102
t.unstable_runWithPriority @ sp-pages-assembly_en-us_b3e212fb9829abf6e61bee5444214b19.js:100
Ki @ sp-pages-assembly_en-us_b3e212fb9829abf6e61bee5444214b19.js:102
Qi @ sp-pages-assembly_en-us_b3e212fb9829abf6e61bee5444214b19.js:102
qi @ sp-pages-assembly_en-us_b3e212fb9829abf6e61bee5444214b19.js:102
Pe @ sp-pages-assembly_en-us_b3e212fb9829abf6e61bee5444214b19.js:102
Yt @ sp-pages-assembly_en-us_b3e212fb9829abf6e61bee5444214b19.js:102
sp-pages-assembly_en-us_b3e212fb9829abf6e61bee5444214b19.js:102  Error: Minified React error #31; visit https://reactjs.org/docs/error-decoder.html?invariant=31&args[]=object%20with%20keys%20%7BLabel%2C%20TermGuid%2C%20WssId%7D for the full message or use the non-minified dev environment for full errors and additional helpful warnings.
    at Ir (sp-pages-assembly_en-us_b3e212fb9829abf6e61bee5444214b19.js:102:51172)
    at sp-pages-assembly_en-us_b3e212fb9829abf6e61bee5444214b19.js:102:55989
    at Ho (sp-pages-assembly_en-us_b3e212fb9829abf6e61bee5444214b19.js:102:66951)
    at Ks (sp-pages-assembly_en-us_b3e212fb9829abf6e61bee5444214b19.js:102:112744)
    at wc (sp-pages-assembly_en-us_b3e212fb9829abf6e61bee5444214b19.js:102:98220)
    at Cc (sp-pages-assembly_en-us_b3e212fb9829abf6e61bee5444214b19.js:102:98148)
    at xc (sp-pages-assembly_en-us_b3e212fb9829abf6e61bee5444214b19.js:102:98011)
    at hc (sp-pages-assembly_en-us_b3e212fb9829abf6e61bee5444214b19.js:102:94998)
    at sp-pages-assembly_en-us_b3e212fb9829abf6e61bee5444214b19.js:102:44854
    at t.unstable_runWithPriority (sp-pages-assembly_en-us_b3e212fb9829abf6e61bee5444214b19.js:100:3775)
ss @ sp-pages-assembly_en-us_b3e212fb9829abf6e61bee5444214b19.js:102
n.callback @ sp-pages-assembly_en-us_b3e212fb9829abf6e61bee5444214b19.js:102
pr @ sp-pages-assembly_en-us_b3e212fb9829abf6e61bee5444214b19.js:102
ms @ sp-pages-assembly_en-us_b3e212fb9829abf6e61bee5444214b19.js:102
Lc @ sp-pages-assembly_en-us_b3e212fb9829abf6e61bee5444214b19.js:102
t.unstable_runWithPriority @ sp-pages-assembly_en-us_b3e212fb9829abf6e61bee5444214b19.js:100
Ki @ sp-pages-assembly_en-us_b3e212fb9829abf6e61bee5444214b19.js:102
Ac @ sp-pages-assembly_en-us_b3e212fb9829abf6e61bee5444214b19.js:102
hc @ sp-pages-assembly_en-us_b3e212fb9829abf6e61bee5444214b19.js:102
(anonymous) @ sp-pages-assembly_en-us_b3e212fb9829abf6e61bee5444214b19.js:102
t.unstable_runWithPriority @ sp-pages-assembly_en-us_b3e212fb9829abf6e61bee5444214b19.js:100
Ki @ sp-pages-assembly_en-us_b3e212fb9829abf6e61bee5444214b19.js:102
Qi @ sp-pages-assembly_en-us_b3e212fb9829abf6e61bee5444214b19.js:102
qi @ sp-pages-assembly_en-us_b3e212fb9829abf6e61bee5444214b19.js:102
uc @ sp-pages-assembly_en-us_b3e212fb9829abf6e61bee5444214b19.js:102
Lo @ sp-pages-assembly_en-us_b3e212fb9829abf6e61bee5444214b19.js:102
(anonymous) @ case-macro-view-web-part_8b5141d1239a8745aa66.js:2
await in (anonymous)
(anonymous) @ case-macro-view-web-part_8b5141d1239a8745aa66.js:2
Uc @ sp-pages-assembly_en-us_b3e212fb9829abf6e61bee5444214b19.js:102
t.unstable_runWithPriority @ sp-pages-assembly_en-us_b3e212fb9829abf6e61bee5444214b19.js:100
Ki @ sp-pages-assembly_en-us_b3e212fb9829abf6e61bee5444214b19.js:102
Mc @ sp-pages-assembly_en-us_b3e212fb9829abf6e61bee5444214b19.js:102
hc @ sp-pages-assembly_en-us_b3e212fb9829abf6e61bee5444214b19.js:102
(anonymous) @ sp-pages-assembly_en-us_b3e212fb9829abf6e61bee5444214b19.js:102
t.unstable_runWithPriority @ sp-pages-assembly_en-us_b3e212fb9829abf6e61bee5444214b19.js:100
Ki @ sp-pages-assembly_en-us_b3e212fb9829abf6e61bee5444214b19.js:102
Qi @ sp-pages-assembly_en-us_b3e212fb9829abf6e61bee5444214b19.js:102
qi @ sp-pages-assembly_en-us_b3e212fb9829abf6e61bee5444214b19.js:102
Pe @ sp-pages-assembly_en-us_b3e212fb9829abf6e61bee5444214b19.js:102
Yt @ sp-pages-assembly_en-us_b3e212fb9829abf6e61bee5444214b19.js:102
sp-pages-assembly_en-us_b3e212fb9829abf6e61bee5444214b19.js:102  Error: Minified React error #31; visit https://reactjs.org/docs/error-decoder.html?invariant=31&args[]=object%20with%20keys%20%7BLabel%2C%20TermGuid%2C%20WssId%7D for the full message or use the non-minified dev environment for full errors and additional helpful warnings.
    at Ir (sp-pages-assembly_en-us_b3e212fb9829abf6e61bee5444214b19.js:102:51172)
    at sp-pages-assembly_en-us_b3e212fb9829abf6e61bee5444214b19.js:102:55989
    at Ho (sp-pages-assembly_en-us_b3e212fb9829abf6e61bee5444214b19.js:102:66951)
    at Ks (sp-pages-assembly_en-us_b3e212fb9829abf6e61bee5444214b19.js:102:112744)
    at wc (sp-pages-assembly_en-us_b3e212fb9829abf6e61bee5444214b19.js:102:98220)
    at Cc (sp-pages-assembly_en-us_b3e212fb9829abf6e61bee5444214b19.js:102:98148)
    at xc (sp-pages-assembly_en-us_b3e212fb9829abf6e61bee5444214b19.js:102:98011)
    at hc (sp-pages-assembly_en-us_b3e212fb9829abf6e61bee5444214b19.js:102:94998)
    at sp-pages-assembly_en-us_b3e212fb9829abf6e61bee5444214b19.js:102:44854
    at t.unstable_runWithPriority (sp-pages-assembly_en-us_b3e212fb9829abf6e61bee5444214b19.js:100:3775)
ss @ sp-pages-assembly_en-us_b3e212fb9829abf6e61bee5444214b19.js:102
n.callback @ sp-pages-assembly_en-us_b3e212fb9829abf6e61bee5444214b19.js:102
pr @ sp-pages-assembly_en-us_b3e212fb9829abf6e61bee5444214b19.js:102
ms @ sp-pages-assembly_en-us_b3e212fb9829abf6e61bee5444214b19.js:102
Lc @ sp-pages-assembly_en-us_b3e212fb9829abf6e61bee5444214b19.js:102
t.unstable_runWithPriority @ sp-pages-assembly_en-us_b3e212fb9829abf6e61bee5444214b19.js:100
Ki @ sp-pages-assembly_en-us_b3e212fb9829abf6e61bee5444214b19.js:102
Ac @ sp-pages-assembly_en-us_b3e212fb9829abf6e61bee5444214b19.js:102
hc @ sp-pages-assembly_en-us_b3e212fb9829abf6e61bee5444214b19.js:102
(anonymous) @ sp-pages-assembly_en-us_b3e212fb9829abf6e61bee5444214b19.js:102
t.unstable_runWithPriority @ sp-pages-assembly_en-us_b3e212fb9829abf6e61bee5444214b19.js:100
Ki @ sp-pages-assembly_en-us_b3e212fb9829abf6e61bee5444214b19.js:102
Qi @ sp-pages-assembly_en-us_b3e212fb9829abf6e61bee5444214b19.js:102
qi @ sp-pages-assembly_en-us_b3e212fb9829abf6e61bee5444214b19.js:102
uc @ sp-pages-assembly_en-us_b3e212fb9829abf6e61bee5444214b19.js:102
Lo @ sp-pages-assembly_en-us_b3e212fb9829abf6e61bee5444214b19.js:102
(anonymous) @ case-macro-view-web-part_8b5141d1239a8745aa66.js:2
await in (anonymous)
(anonymous) @ case-macro-view-web-part_8b5141d1239a8745aa66.js:2
Uc @ sp-pages-assembly_en-us_b3e212fb9829abf6e61bee5444214b19.js:102
t.unstable_runWithPriority @ sp-pages-assembly_en-us_b3e212fb9829abf6e61bee5444214b19.js:100
Ki @ sp-pages-assembly_en-us_b3e212fb9829abf6e61bee5444214b19.js:102
Mc @ sp-pages-assembly_en-us_b3e212fb9829abf6e61bee5444214b19.js:102
hc @ sp-pages-assembly_en-us_b3e212fb9829abf6e61bee5444214b19.js:102
(anonymous) @ sp-pages-assembly_en-us_b3e212fb9829abf6e61bee5444214b19.js:102
t.unstable_runWithPriority @ sp-pages-assembly_en-us_b3e212fb9829abf6e61bee5444214b19.js:100
Ki @ sp-pages-assembly_en-us_b3e212fb9829abf6e61bee5444214b19.js:102
Qi @ sp-pages-assembly_en-us_b3e212fb9829abf6e61bee5444214b19.js:102
qi @ sp-pages-assembly_en-us_b3e212fb9829abf6e61bee5444214b19.js:102
Pe @ sp-pages-assembly_en-us_b3e212fb9829abf6e61bee5444214b19.js:102
Yt @ sp-pages-assembly_en-us_b3e212fb9829abf6e61bee5444214b19.js:102
sp-pages-assembly_en-us_b3e212fb9829abf6e61bee5444214b19.js:102  Error: Minified React error #31; visit https://reactjs.org/docs/error-decoder.html?invariant=31&args[]=object%20with%20keys%20%7BLabel%2C%20TermGuid%2C%20WssId%7D for the full message or use the non-minified dev environment for full errors and additional helpful warnings.
    at Ir (sp-pages-assembly_en-us_b3e212fb9829abf6e61bee5444214b19.js:102:51172)
    at sp-pages-assembly_en-us_b3e212fb9829abf6e61bee5444214b19.js:102:55989
    at Ho (sp-pages-assembly_en-us_b3e212fb9829abf6e61bee5444214b19.js:102:66951)
    at Ks (sp-pages-assembly_en-us_b3e212fb9829abf6e61bee5444214b19.js:102:112744)
    at wc (sp-pages-assembly_en-us_b3e212fb9829abf6e61bee5444214b19.js:102:98220)
    at Cc (sp-pages-assembly_en-us_b3e212fb9829abf6e61bee5444214b19.js:102:98148)
    at xc (sp-pages-assembly_en-us_b3e212fb9829abf6e61bee5444214b19.js:102:98011)
    at hc (sp-pages-assembly_en-us_b3e212fb9829abf6e61bee5444214b19.js:102:94998)
    at sp-pages-assembly_en-us_b3e212fb9829abf6e61bee5444214b19.js:102:44854
    at t.unstable_runWithPriority (sp-pages-assembly_en-us_b3e212fb9829abf6e61bee5444214b19.js:100:3775)
ss @ sp-pages-assembly_en-us_b3e212fb9829abf6e61bee5444214b19.js:102
n.callback @ sp-pages-assembly_en-us_b3e212fb9829abf6e61bee5444214b19.js:102
pr @ sp-pages-assembly_en-us_b3e212fb9829abf6e61bee5444214b19.js:102
ms @ sp-pages-assembly_en-us_b3e212fb9829abf6e61bee5444214b19.js:102
Lc @ sp-pages-assembly_en-us_b3e212fb9829abf6e61bee5444214b19.js:102
t.unstable_runWithPriority @ sp-pages-assembly_en-us_b3e212fb9829abf6e61bee5444214b19.js:100
Ki @ sp-pages-assembly_en-us_b3e212fb9829abf6e61bee5444214b19.js:102
Ac @ sp-pages-assembly_en-us_b3e212fb9829abf6e61bee5444214b19.js:102
hc @ sp-pages-assembly_en-us_b3e212fb9829abf6e61bee5444214b19.js:102
(anonymous) @ sp-pages-assembly_en-us_b3e212fb9829abf6e61bee5444214b19.js:102
t.unstable_runWithPriority @ sp-pages-assembly_en-us_b3e212fb9829abf6e61bee5444214b19.js:100
Ki @ sp-pages-assembly_en-us_b3e212fb9829abf6e61bee5444214b19.js:102
Qi @ sp-pages-assembly_en-us_b3e212fb9829abf6e61bee5444214b19.js:102
qi @ sp-pages-assembly_en-us_b3e212fb9829abf6e61bee5444214b19.js:102
uc @ sp-pages-assembly_en-us_b3e212fb9829abf6e61bee5444214b19.js:102
Lo @ sp-pages-assembly_en-us_b3e212fb9829abf6e61bee5444214b19.js:102
(anonymous) @ case-macro-view-web-part_8b5141d1239a8745aa66.js:2
await in (anonymous)
(anonymous) @ case-macro-view-web-part_8b5141d1239a8745aa66.js:2
Uc @ sp-pages-assembly_en-us_b3e212fb9829abf6e61bee5444214b19.js:102
t.unstable_runWithPriority @ sp-pages-assembly_en-us_b3e212fb9829abf6e61bee5444214b19.js:100
Ki @ sp-pages-assembly_en-us_b3e212fb9829abf6e61bee5444214b19.js:102
Mc @ sp-pages-assembly_en-us_b3e212fb9829abf6e61bee5444214b19.js:102
hc @ sp-pages-assembly_en-us_b3e212fb9829abf6e61bee5444214b19.js:102
(anonymous) @ sp-pages-assembly_en-us_b3e212fb9829abf6e61bee5444214b19.js:102
t.unstable_runWithPriority @ sp-pages-assembly_en-us_b3e212fb9829abf6e61bee5444214b19.js:100
Ki @ sp-pages-assembly_en-us_b3e212fb9829abf6e61bee5444214b19.js:102
Qi @ sp-pages-assembly_en-us_b3e212fb9829abf6e61bee5444214b19.js:102
qi @ sp-pages-assembly_en-us_b3e212fb9829abf6e61bee5444214b19.js:102
Pe @ sp-pages-assembly_en-us_b3e212fb9829abf6e61bee5444214b19.js:102
Yt @ sp-pages-assembly_en-us_b3e212fb9829abf6e61bee5444214b19.js:102
sp-pages-assembly_en-us_b3e212fb9829abf6e61bee5444214b19.js:102  Error: Minified React error #31; visit https://reactjs.org/docs/error-decoder.html?invariant=31&args[]=object%20with%20keys%20%7BLabel%2C%20TermGuid%2C%20WssId%7D for the full message or use the non-minified dev environment for full errors and additional helpful warnings.
    at Ir (sp-pages-assembly_en-us_b3e212fb9829abf6e61bee5444214b19.js:102:51172)
    at sp-pages-assembly_en-us_b3e212fb9829abf6e61bee5444214b19.js:102:55989
    at Ho (sp-pages-assembly_en-us_b3e212fb9829abf6e61bee5444214b19.js:102:66951)
    at Ks (sp-pages-assembly_en-us_b3e212fb9829abf6e61bee5444214b19.js:102:112744)
    at wc (sp-pages-assembly_en-us_b3e212fb9829abf6e61bee5444214b19.js:102:98220)
    at Cc (sp-pages-assembly_en-us_b3e212fb9829abf6e61bee5444214b19.js:102:98148)
    at xc (sp-pages-assembly_en-us_b3e212fb9829abf6e61bee5444214b19.js:102:98011)
    at hc (sp-pages-assembly_en-us_b3e212fb9829abf6e61bee5444214b19.js:102:94998)
    at sp-pages-assembly_en-us_b3e212fb9829abf6e61bee5444214b19.js:102:44854
    at t.unstable_runWithPriority (sp-pages-assembly_en-us_b3e212fb9829abf6e61bee5444214b19.js:100:3775)
ss @ sp-pages-assembly_en-us_b3e212fb9829abf6e61bee5444214b19.js:102
n.callback @ sp-pages-assembly_en-us_b3e212fb9829abf6e61bee5444214b19.js:102
pr @ sp-pages-assembly_en-us_b3e212fb9829abf6e61bee5444214b19.js:102
ms @ sp-pages-assembly_en-us_b3e212fb9829abf6e61bee5444214b19.js:102
Lc @ sp-pages-assembly_en-us_b3e212fb9829abf6e61bee5444214b19.js:102
t.unstable_runWithPriority @ sp-pages-assembly_en-us_b3e212fb9829abf6e61bee5444214b19.js:100
Ki @ sp-pages-assembly_en-us_b3e212fb9829abf6e61bee5444214b19.js:102
Ac @ sp-pages-assembly_en-us_b3e212fb9829abf6e61bee5444214b19.js:102
hc @ sp-pages-assembly_en-us_b3e212fb9829abf6e61bee5444214b19.js:102
(anonymous) @ sp-pages-assembly_en-us_b3e212fb9829abf6e61bee5444214b19.js:102
t.unstable_runWithPriority @ sp-pages-assembly_en-us_b3e212fb9829abf6e61bee5444214b19.js:100
Ki @ sp-pages-assembly_en-us_b3e212fb9829abf6e61bee5444214b19.js:102
Qi @ sp-pages-assembly_en-us_b3e212fb9829abf6e61bee5444214b19.js:102
qi @ sp-pages-assembly_en-us_b3e212fb9829abf6e61bee5444214b19.js:102
uc @ sp-pages-assembly_en-us_b3e212fb9829abf6e61bee5444214b19.js:102
Lo @ sp-pages-assembly_en-us_b3e212fb9829abf6e61bee5444214b19.js:102
(anonymous) @ case-macro-view-web-part_8b5141d1239a8745aa66.js:2
await in (anonymous)
(anonymous) @ case-macro-view-web-part_8b5141d1239a8745aa66.js:2
Uc @ sp-pages-assembly_en-us_b3e212fb9829abf6e61bee5444214b19.js:102
t.unstable_runWithPriority @ sp-pages-assembly_en-us_b3e212fb9829abf6e61bee5444214b19.js:100
Ki @ sp-pages-assembly_en-us_b3e212fb9829abf6e61bee5444214b19.js:102
Mc @ sp-pages-assembly_en-us_b3e212fb9829abf6e61bee5444214b19.js:102
hc @ sp-pages-assembly_en-us_b3e212fb9829abf6e61bee5444214b19.js:102
(anonymous) @ sp-pages-assembly_en-us_b3e212fb9829abf6e61bee5444214b19.js:102
t.unstable_runWithPriority @ sp-pages-assembly_en-us_b3e212fb9829abf6e61bee5444214b19.js:100
Ki @ sp-pages-assembly_en-us_b3e212fb9829abf6e61bee5444214b19.js:102
Qi @ sp-pages-assembly_en-us_b3e212fb9829abf6e61bee5444214b19.js:102
qi @ sp-pages-assembly_en-us_b3e212fb9829abf6e61bee5444214b19.js:102
Pe @ sp-pages-assembly_en-us_b3e212fb9829abf6e61bee5444214b19.js:102
Yt @ sp-pages-assembly_en-us_b3e212fb9829abf6e61bee5444214b19.js:102
sp-pages-assembly_en-us_b3e212fb9829abf6e61bee5444214b19.js:102  Error: Minified React error #31; visit https://reactjs.org/docs/error-decoder.html?invariant=31&args[]=object%20with%20keys%20%7BLabel%2C%20TermGuid%2C%20WssId%7D for the full message or use the non-minified dev environment for full errors and additional helpful warnings.
    at Ir (sp-pages-assembly_en-us_b3e212fb9829abf6e61bee5444214b19.js:102:51172)
    at sp-pages-assembly_en-us_b3e212fb9829abf6e61bee5444214b19.js:102:55989
    at Ho (sp-pages-assembly_en-us_b3e212fb9829abf6e61bee5444214b19.js:102:66951)
    at Ks (sp-pages-assembly_en-us_b3e212fb9829abf6e61bee5444214b19.js:102:112744)
    at wc (sp-pages-assembly_en-us_b3e212fb9829abf6e61bee5444214b19.js:102:98220)
    at Cc (sp-pages-assembly_en-us_b3e212fb9829abf6e61bee5444214b19.js:102:98148)
    at xc (sp-pages-assembly_en-us_b3e212fb9829abf6e61bee5444214b19.js:102:98011)
    at hc (sp-pages-assembly_en-us_b3e212fb9829abf6e61bee5444214b19.js:102:94998)
    at sp-pages-assembly_en-us_b3e212fb9829abf6e61bee5444214b19.js:102:44854
    at t.unstable_runWithPriority (sp-pages-assembly_en-us_b3e212fb9829abf6e61bee5444214b19.js:100:3775)
ss @ sp-pages-assembly_en-us_b3e212fb9829abf6e61bee5444214b19.js:102
n.callback @ sp-pages-assembly_en-us_b3e212fb9829abf6e61bee5444214b19.js:102
pr @ sp-pages-assembly_en-us_b3e212fb9829abf6e61bee5444214b19.js:102
ms @ sp-pages-assembly_en-us_b3e212fb9829abf6e61bee5444214b19.js:102
Lc @ sp-pages-assembly_en-us_b3e212fb9829abf6e61bee5444214b19.js:102
t.unstable_runWithPriority @ sp-pages-assembly_en-us_b3e212fb9829abf6e61bee5444214b19.js:100
Ki @ sp-pages-assembly_en-us_b3e212fb9829abf6e61bee5444214b19.js:102
Ac @ sp-pages-assembly_en-us_b3e212fb9829abf6e61bee5444214b19.js:102
hc @ sp-pages-assembly_en-us_b3e212fb9829abf6e61bee5444214b19.js:102
(anonymous) @ sp-pages-assembly_en-us_b3e212fb9829abf6e61bee5444214b19.js:102
t.unstable_runWithPriority @ sp-pages-assembly_en-us_b3e212fb9829abf6e61bee5444214b19.js:100
Ki @ sp-pages-assembly_en-us_b3e212fb9829abf6e61bee5444214b19.js:102
Qi @ sp-pages-assembly_en-us_b3e212fb9829abf6e61bee5444214b19.js:102
qi @ sp-pages-assembly_en-us_b3e212fb9829abf6e61bee5444214b19.js:102
uc @ sp-pages-assembly_en-us_b3e212fb9829abf6e61bee5444214b19.js:102
Lo @ sp-pages-assembly_en-us_b3e212fb9829abf6e61bee5444214b19.js:102
(anonymous) @ case-macro-view-web-part_8b5141d1239a8745aa66.js:2
await in (anonymous)
(anonymous) @ case-macro-view-web-part_8b5141d1239a8745aa66.js:2
Uc @ sp-pages-assembly_en-us_b3e212fb9829abf6e61bee5444214b19.js:102
t.unstable_runWithPriority @ sp-pages-assembly_en-us_b3e212fb9829abf6e61bee5444214b19.js:100
Ki @ sp-pages-assembly_en-us_b3e212fb9829abf6e61bee5444214b19.js:102
Mc @ sp-pages-assembly_en-us_b3e212fb9829abf6e61bee5444214b19.js:102
hc @ sp-pages-assembly_en-us_b3e212fb9829abf6e61bee5444214b19.js:102
(anonymous) @ sp-pages-assembly_en-us_b3e212fb9829abf6e61bee5444214b19.js:102
t.unstable_runWithPriority @ sp-pages-assembly_en-us_b3e212fb9829abf6e61bee5444214b19.js:100
Ki @ sp-pages-assembly_en-us_b3e212fb9829abf6e61bee5444214b19.js:102
Qi @ sp-pages-assembly_en-us_b3e212fb9829abf6e61bee5444214b19.js:102
qi @ sp-pages-assembly_en-us_b3e212fb9829abf6e61bee5444214b19.js:102
Pe @ sp-pages-assembly_en-us_b3e212fb9829abf6e61bee5444214b19.js:102
Yt @ sp-pages-assembly_en-us_b3e212fb9829abf6e61bee5444214b19.js:102
sp-pages-assembly_en-us_b3e212fb9829abf6e61bee5444214b19.js:102  Error: Minified React error #31; visit https://reactjs.org/docs/error-decoder.html?invariant=31&args[]=object%20with%20keys%20%7BLabel%2C%20TermGuid%2C%20WssId%7D for the full message or use the non-minified dev environment for full errors and additional helpful warnings.
    at Ir (sp-pages-assembly_en-us_b3e212fb9829abf6e61bee5444214b19.js:102:51172)
    at sp-pages-assembly_en-us_b3e212fb9829abf6e61bee5444214b19.js:102:55989
    at Ho (sp-pages-assembly_en-us_b3e212fb9829abf6e61bee5444214b19.js:102:66951)
    at Ks (sp-pages-assembly_en-us_b3e212fb9829abf6e61bee5444214b19.js:102:112744)
    at wc (sp-pages-assembly_en-us_b3e212fb9829abf6e61bee5444214b19.js:102:98220)
    at Cc (sp-pages-assembly_en-us_b3e212fb9829abf6e61bee5444214b19.js:102:98148)
    at xc (sp-pages-assembly_en-us_b3e212fb9829abf6e61bee5444214b19.js:102:98011)
    at hc (sp-pages-assembly_en-us_b3e212fb9829abf6e61bee5444214b19.js:102:94998)
    at sp-pages-assembly_en-us_b3e212fb9829abf6e61bee5444214b19.js:102:44854
    at t.unstable_runWithPriority (sp-pages-assembly_en-us_b3e212fb9829abf6e61bee5444214b19.js:100:3775)
ss @ sp-pages-assembly_en-us_b3e212fb9829abf6e61bee5444214b19.js:102
n.callback @ sp-pages-assembly_en-us_b3e212fb9829abf6e61bee5444214b19.js:102
pr @ sp-pages-assembly_en-us_b3e212fb9829abf6e61bee5444214b19.js:102
ms @ sp-pages-assembly_en-us_b3e212fb9829abf6e61bee5444214b19.js:102
Lc @ sp-pages-assembly_en-us_b3e212fb9829abf6e61bee5444214b19.js:102
t.unstable_runWithPriority @ sp-pages-assembly_en-us_b3e212fb9829abf6e61bee5444214b19.js:100
Ki @ sp-pages-assembly_en-us_b3e212fb9829abf6e61bee5444214b19.js:102
Ac @ sp-pages-assembly_en-us_b3e212fb9829abf6e61bee5444214b19.js:102
hc @ sp-pages-assembly_en-us_b3e212fb9829abf6e61bee5444214b19.js:102
(anonymous) @ sp-pages-assembly_en-us_b3e212fb9829abf6e61bee5444214b19.js:102
t.unstable_runWithPriority @ sp-pages-assembly_en-us_b3e212fb9829abf6e61bee5444214b19.js:100
Ki @ sp-pages-assembly_en-us_b3e212fb9829abf6e61bee5444214b19.js:102
Qi @ sp-pages-assembly_en-us_b3e212fb9829abf6e61bee5444214b19.js:102
qi @ sp-pages-assembly_en-us_b3e212fb9829abf6e61bee5444214b19.js:102
uc @ sp-pages-assembly_en-us_b3e212fb9829abf6e61bee5444214b19.js:102
Lo @ sp-pages-assembly_en-us_b3e212fb9829abf6e61bee5444214b19.js:102
(anonymous) @ case-macro-view-web-part_8b5141d1239a8745aa66.js:2
await in (anonymous)
(anonymous) @ case-macro-view-web-part_8b5141d1239a8745aa66.js:2
Uc @ sp-pages-assembly_en-us_b3e212fb9829abf6e61bee5444214b19.js:102
t.unstable_runWithPriority @ sp-pages-assembly_en-us_b3e212fb9829abf6e61bee5444214b19.js:100
Ki @ sp-pages-assembly_en-us_b3e212fb9829abf6e61bee5444214b19.js:102
Mc @ sp-pages-assembly_en-us_b3e212fb9829abf6e61bee5444214b19.js:102
hc @ sp-pages-assembly_en-us_b3e212fb9829abf6e61bee5444214b19.js:102
(anonymous) @ sp-pages-assembly_en-us_b3e212fb9829abf6e61bee5444214b19.js:102
t.unstable_runWithPriority @ sp-pages-assembly_en-us_b3e212fb9829abf6e61bee5444214b19.js:100
Ki @ sp-pages-assembly_en-us_b3e212fb9829abf6e61bee5444214b19.js:102
Qi @ sp-pages-assembly_en-us_b3e212fb9829abf6e61bee5444214b19.js:102
qi @ sp-pages-assembly_en-us_b3e212fb9829abf6e61bee5444214b19.js:102
Pe @ sp-pages-assembly_en-us_b3e212fb9829abf6e61bee5444214b19.js:102
Yt @ sp-pages-assembly_en-us_b3e212fb9829abf6e61bee5444214b19.js:102
sp-pages-assembly_en-us_b3e212fb9829abf6e61bee5444214b19.js:102  Error: Minified React error #31; visit https://reactjs.org/docs/error-decoder.html?invariant=31&args[]=object%20with%20keys%20%7BLabel%2C%20TermGuid%2C%20WssId%7D for the full message or use the non-minified dev environment for full errors and additional helpful warnings.
    at Ir (sp-pages-assembly_en-us_b3e212fb9829abf6e61bee5444214b19.js:102:51172)
    at sp-pages-assembly_en-us_b3e212fb9829abf6e61bee5444214b19.js:102:55989
    at Ho (sp-pages-assembly_en-us_b3e212fb9829abf6e61bee5444214b19.js:102:66951)
    at Ks (sp-pages-assembly_en-us_b3e212fb9829abf6e61bee5444214b19.js:102:112744)
    at wc (sp-pages-assembly_en-us_b3e212fb9829abf6e61bee5444214b19.js:102:98220)
    at Cc (sp-pages-assembly_en-us_b3e212fb9829abf6e61bee5444214b19.js:102:98148)
    at xc (sp-pages-assembly_en-us_b3e212fb9829abf6e61bee5444214b19.js:102:98011)
    at hc (sp-pages-assembly_en-us_b3e212fb9829abf6e61bee5444214b19.js:102:94998)
    at sp-pages-assembly_en-us_b3e212fb9829abf6e61bee5444214b19.js:102:44854
    at t.unstable_runWithPriority (sp-pages-assembly_en-us_b3e212fb9829abf6e61bee5444214b19.js:100:3775)
ss @ sp-pages-assembly_en-us_b3e212fb9829abf6e61bee5444214b19.js:102
n.callback @ sp-pages-assembly_en-us_b3e212fb9829abf6e61bee5444214b19.js:102
pr @ sp-pages-assembly_en-us_b3e212fb9829abf6e61bee5444214b19.js:102
ms @ sp-pages-assembly_en-us_b3e212fb9829abf6e61bee5444214b19.js:102
Lc @ sp-pages-assembly_en-us_b3e212fb9829abf6e61bee5444214b19.js:102
t.unstable_runWithPriority @ sp-pages-assembly_en-us_b3e212fb9829abf6e61bee5444214b19.js:100
Ki @ sp-pages-assembly_en-us_b3e212fb9829abf6e61bee5444214b19.js:102
Ac @ sp-pages-assembly_en-us_b3e212fb9829abf6e61bee5444214b19.js:102
hc @ sp-pages-assembly_en-us_b3e212fb9829abf6e61bee5444214b19.js:102
(anonymous) @ sp-pages-assembly_en-us_b3e212fb9829abf6e61bee5444214b19.js:102
t.unstable_runWithPriority @ sp-pages-assembly_en-us_b3e212fb9829abf6e61bee5444214b19.js:100
Ki @ sp-pages-assembly_en-us_b3e212fb9829abf6e61bee5444214b19.js:102
Qi @ sp-pages-assembly_en-us_b3e212fb9829abf6e61bee5444214b19.js:102
qi @ sp-pages-assembly_en-us_b3e212fb9829abf6e61bee5444214b19.js:102
uc @ sp-pages-assembly_en-us_b3e212fb9829abf6e61bee5444214b19.js:102
Lo @ sp-pages-assembly_en-us_b3e212fb9829abf6e61bee5444214b19.js:102
(anonymous) @ case-macro-view-web-part_8b5141d1239a8745aa66.js:2
await in (anonymous)
(anonymous) @ case-macro-view-web-part_8b5141d1239a8745aa66.js:2
Uc @ sp-pages-assembly_en-us_b3e212fb9829abf6e61bee5444214b19.js:102
t.unstable_runWithPriority @ sp-pages-assembly_en-us_b3e212fb9829abf6e61bee5444214b19.js:100
Ki @ sp-pages-assembly_en-us_b3e212fb9829abf6e61bee5444214b19.js:102
Mc @ sp-pages-assembly_en-us_b3e212fb9829abf6e61bee5444214b19.js:102
hc @ sp-pages-assembly_en-us_b3e212fb9829abf6e61bee5444214b19.js:102
(anonymous) @ sp-pages-assembly_en-us_b3e212fb9829abf6e61bee5444214b19.js:102
t.unstable_runWithPriority @ sp-pages-assembly_en-us_b3e212fb9829abf6e61bee5444214b19.js:100
Ki @ sp-pages-assembly_en-us_b3e212fb9829abf6e61bee5444214b19.js:102
Qi @ sp-pages-assembly_en-us_b3e212fb9829abf6e61bee5444214b19.js:102
qi @ sp-pages-assembly_en-us_b3e212fb9829abf6e61bee5444214b19.js:102
Pe @ sp-pages-assembly_en-us_b3e212fb9829abf6e61bee5444214b19.js:102
Yt @ sp-pages-assembly_en-us_b3e212fb9829abf6e61bee5444214b19.js:102
sp-pages-assembly_en-us_b3e212fb9829abf6e61bee5444214b19.js:102  Error: Minified React error #31; visit https://reactjs.org/docs/error-decoder.html?invariant=31&args[]=object%20with%20keys%20%7BLabel%2C%20TermGuid%2C%20WssId%7D for the full message or use the non-minified dev environment for full errors and additional helpful warnings.
    at Ir (sp-pages-assembly_en-us_b3e212fb9829abf6e61bee5444214b19.js:102:51172)
    at sp-pages-assembly_en-us_b3e212fb9829abf6e61bee5444214b19.js:102:55989
    at Ho (sp-pages-assembly_en-us_b3e212fb9829abf6e61bee5444214b19.js:102:66951)
    at Ks (sp-pages-assembly_en-us_b3e212fb9829abf6e61bee5444214b19.js:102:112744)
    at wc (sp-pages-assembly_en-us_b3e212fb9829abf6e61bee5444214b19.js:102:98220)
    at Cc (sp-pages-assembly_en-us_b3e212fb9829abf6e61bee5444214b19.js:102:98148)
    at xc (sp-pages-assembly_en-us_b3e212fb9829abf6e61bee5444214b19.js:102:98011)
    at hc (sp-pages-assembly_en-us_b3e212fb9829abf6e61bee5444214b19.js:102:94998)
    at sp-pages-assembly_en-us_b3e212fb9829abf6e61bee5444214b19.js:102:44854
    at t.unstable_runWithPriority (sp-pages-assembly_en-us_b3e212fb9829abf6e61bee5444214b19.js:100:3775)
ss @ sp-pages-assembly_en-us_b3e212fb9829abf6e61bee5444214b19.js:102
n.callback @ sp-pages-assembly_en-us_b3e212fb9829abf6e61bee5444214b19.js:102
pr @ sp-pages-assembly_en-us_b3e212fb9829abf6e61bee5444214b19.js:102
ms @ sp-pages-assembly_en-us_b3e212fb9829abf6e61bee5444214b19.js:102
Lc @ sp-pages-assembly_en-us_b3e212fb9829abf6e61bee5444214b19.js:102
t.unstable_runWithPriority @ sp-pages-assembly_en-us_b3e212fb9829abf6e61bee5444214b19.js:100
Ki @ sp-pages-assembly_en-us_b3e212fb9829abf6e61bee5444214b19.js:102
Ac @ sp-pages-assembly_en-us_b3e212fb9829abf6e61bee5444214b19.js:102
hc @ sp-pages-assembly_en-us_b3e212fb9829abf6e61bee5444214b19.js:102
(anonymous) @ sp-pages-assembly_en-us_b3e212fb9829abf6e61bee5444214b19.js:102
t.unstable_runWithPriority @ sp-pages-assembly_en-us_b3e212fb9829abf6e61bee5444214b19.js:100
Ki @ sp-pages-assembly_en-us_b3e212fb9829abf6e61bee5444214b19.js:102
Qi @ sp-pages-assembly_en-us_b3e212fb9829abf6e61bee5444214b19.js:102
qi @ sp-pages-assembly_en-us_b3e212fb9829abf6e61bee5444214b19.js:102
uc @ sp-pages-assembly_en-us_b3e212fb9829abf6e61bee5444214b19.js:102
Lo @ sp-pages-assembly_en-us_b3e212fb9829abf6e61bee5444214b19.js:102
(anonymous) @ case-macro-view-web-part_8b5141d1239a8745aa66.js:2
await in (anonymous)
(anonymous) @ case-macro-view-web-part_8b5141d1239a8745aa66.js:2
Uc @ sp-pages-assembly_en-us_b3e212fb9829abf6e61bee5444214b19.js:102
t.unstable_runWithPriority @ sp-pages-assembly_en-us_b3e212fb9829abf6e61bee5444214b19.js:100
Ki @ sp-pages-assembly_en-us_b3e212fb9829abf6e61bee5444214b19.js:102
Mc @ sp-pages-assembly_en-us_b3e212fb9829abf6e61bee5444214b19.js:102
hc @ sp-pages-assembly_en-us_b3e212fb9829abf6e61bee5444214b19.js:102
(anonymous) @ sp-pages-assembly_en-us_b3e212fb9829abf6e61bee5444214b19.js:102
t.unstable_runWithPriority @ sp-pages-assembly_en-us_b3e212fb9829abf6e61bee5444214b19.js:100
Ki @ sp-pages-assembly_en-us_b3e212fb9829abf6e61bee5444214b19.js:102
Qi @ sp-pages-assembly_en-us_b3e212fb9829abf6e61bee5444214b19.js:102
qi @ sp-pages-assembly_en-us_b3e212fb9829abf6e61bee5444214b19.js:102
Pe @ sp-pages-assembly_en-us_b3e212fb9829abf6e61bee5444214b19.js:102
Yt @ sp-pages-assembly_en-us_b3e212fb9829abf6e61bee5444214b19.js:102
